<?xml version="1.0" encoding="UTF-8"?>
<!-- Generated by org.testng.reporters.JUnitXMLReporter -->
<testsuite ignored="0" hostname="Adarsh" failures="1" tests="2" name="Poc" time="57.431" errors="0" timestamp="2023-02-13T21:27:14 IST">
  <testcase classname="com.wsg.tests.Poc" name="adminLogin" time="13.865">
    <failure type="java.lang.AssertionError" message="expected [true] but found [false]">
      <![CDATA[java.lang.AssertionError: expected [true] but found [false]
at com.wsg.tests.Poc.adminLogin(Poc.java:77)
at java.base/java.util.ArrayList.forEach(ArrayList.java:1511)
... Removed 29 stack frames]]>
    </failure>
  </testcase> <!-- adminLogin -->
  <testcase classname="com.wsg.tests.Poc" name="requisitionCycle" time="42.269"/>
</testsuite> <!-- Poc -->
