<?xml version="1.0" encoding="UTF-8"?>
<!-- Generated by org.testng.reporters.JUnitXMLReporter -->
<testsuite ignored="0" hostname="Adarsh" failures="1" tests="2" name="Sample" time="144.905" errors="0" timestamp="2023-02-13T22:24:33 IST">
  <testcase classname="com.wsg.tests.Sample1" name="adminLogin" time="36.648">
    <skipped/>
  </testcase> <!-- adminLogin -->
  <testcase classname="com.wsg.tests.Sample1" name="adminLogin" time="62.928">
    <failure type="java.lang.AssertionError" message="expected [true] but found [false]">
      <![CDATA[java.lang.AssertionError: expected [true] but found [false]
at com.wsg.tests.Sample1.adminLogin(Sample1.java:30)
at java.base/java.util.ArrayList.forEach(ArrayList.java:1511)
... Removed 29 stack frames]]>
    </failure>
  </testcase> <!-- adminLogin -->
</testsuite> <!-- Sample -->
