<?xml version="1.0" encoding="UTF-8"?>
<!-- Generated by org.testng.reporters.JUnitXMLReporter -->
<testsuite ignored="0" hostname="AditiRajpuro-PC" failures="1" tests="1" name="Requisition Cycle(failed)" time="230.763" errors="0" timestamp="2023-03-08T09:22:05 EST">
  <testcase classname="com.wsg.tests.Poc" name="requisitionCycle" time="226.916">
    <failure type="java.lang.NullPointerException" message="Cannot invoke &amp;quot;org.openqa.selenium.WebDriver.findElement(org.openqa.selenium.By)&amp;quot; because &amp;quot;this.driver&amp;quot; is null">
      <![CDATA[java.lang.NullPointerException: Cannot invoke "org.openqa.selenium.WebDriver.findElement(org.openqa.selenium.By)" because "this.driver" is null
at com.wsg.pageObjects.VendorRequisitionDetailsPage.<init>(VendorRequisitionDetailsPage.java:70)
at com.wsg.pageObjects.VendorDashboardPage.openNewRequisition(VendorDashboardPage.java:22)
at com.wsg.tests.Poc.requisitionCycle(Poc.java:45)
at java.base/java.util.ArrayList.forEach(ArrayList.java:1511)
... Removed 27 stack frames]]>
    </failure>
  </testcase> <!-- requisitionCycle -->
</testsuite> <!-- Requisition Cycle(failed) -->
